2017-11-15 14:18:40,289 - __main__ - DEBUG - {u'2': <socket._socketobject object at 0x1041446e0>}
2017-11-15 14:18:40,289 - __main__ - DEBUG - 1
2017-11-15 14:18:40,289 - __main__ - DEBUG - [7777]
2017-11-15 14:18:45,291 - __main__ - DEBUG - {u'3': <socket._socketobject object at 0x1041447c0>, u'2': <socket._socketobject object at 0x1041446e0>}
2017-11-15 14:18:45,292 - __main__ - DEBUG - 2
2017-11-15 14:18:45,292 - __main__ - DEBUG - []
2017-11-15 14:22:34,555 - __main__ - DEBUG - {u'2': <socket._socketobject object at 0x105003750>}
2017-11-15 14:22:34,558 - __main__ - DEBUG - 1
2017-11-15 14:22:34,558 - __main__ - DEBUG - [7777]
2017-11-15 14:22:39,565 - __main__ - DEBUG - {u'3': <socket._socketobject object at 0x105003830>, u'2': <socket._socketobject object at 0x105003750>}
2017-11-15 14:22:39,565 - __main__ - DEBUG - 2
2017-11-15 14:22:39,565 - __main__ - DEBUG - []
2017-11-15 14:56:39,073 - __main__ - DEBUG - {u'2': <socket._socketobject object at 0x1013e0750>}
2017-11-15 14:56:39,076 - __main__ - DEBUG - 1
2017-11-15 14:56:39,076 - __main__ - DEBUG - [7777]
2017-11-15 14:56:44,079 - __main__ - DEBUG - {u'3': <socket._socketobject object at 0x1013e08a0>, u'2': <socket._socketobject object at 0x1013e0750>}
2017-11-15 14:56:44,079 - __main__ - DEBUG - 2
2017-11-15 14:56:44,092 - __main__ - DEBUG - []
2017-11-15 14:58:12,981 - __main__ - DEBUG - {u'2': <socket._socketobject object at 0x10da776e0>}
2017-11-15 14:58:12,990 - __main__ - DEBUG - 1
2017-11-15 14:58:13,000 - __main__ - DEBUG - [7771]
2017-11-15 14:58:18,037 - __main__ - DEBUG - {u'3': <socket._socketobject object at 0x10da777c0>, u'2': <socket._socketobject object at 0x10da776e0>}
2017-11-15 14:58:18,037 - __main__ - DEBUG - 2
2017-11-15 14:58:18,037 - __main__ - DEBUG - []
2017-11-15 15:01:19,448 - __main__ - DEBUG - {u'2': <socket._socketobject object at 0x10e1d86e0>}
2017-11-15 15:01:19,450 - __main__ - DEBUG - 1
2017-11-15 15:01:19,450 - __main__ - DEBUG - [7771]
2017-11-15 15:01:24,535 - __main__ - DEBUG - {u'3': <socket._socketobject object at 0x10e1d87c0>, u'2': <socket._socketobject object at 0x10e1d86e0>}
2017-11-15 15:01:24,535 - __main__ - DEBUG - 2
2017-11-15 15:01:24,535 - __main__ - DEBUG - []
