2017-11-15 14:18:43,391 - __main__ - DEBUG - {u'1': <socket._socketobject object at 0x10b31c750>}
2017-11-15 14:18:43,392 - __main__ - DEBUG - 1
2017-11-15 14:18:43,392 - __main__ - DEBUG - [7777]
2017-11-15 14:18:48,396 - __main__ - DEBUG - {u'1': <socket._socketobject object at 0x10b31c750>, u'3': <socket._socketobject object at 0x10b31c7c0>}
2017-11-15 14:18:48,397 - __main__ - DEBUG - 2
2017-11-15 14:18:48,397 - __main__ - DEBUG - []
2017-11-15 14:22:35,684 - __main__ - DEBUG - {u'1': <socket._socketobject object at 0x102cbd750>}
2017-11-15 14:22:35,687 - __main__ - DEBUG - 1
2017-11-15 14:22:35,687 - __main__ - DEBUG - [7777]
2017-11-15 14:22:40,689 - __main__ - DEBUG - {u'1': <socket._socketobject object at 0x102cbd750>, u'3': <socket._socketobject object at 0x102cbd7c0>}
2017-11-15 14:22:40,689 - __main__ - DEBUG - 2
2017-11-15 14:22:40,689 - __main__ - DEBUG - []
2017-11-15 14:56:39,593 - __main__ - DEBUG - {u'1': <socket._socketobject object at 0x1015a9750>}
2017-11-15 14:56:39,597 - __main__ - DEBUG - 1
2017-11-15 14:56:39,597 - __main__ - DEBUG - [7777]
2017-11-15 14:56:44,762 - __main__ - DEBUG - {u'1': <socket._socketobject object at 0x1015a9750>, u'3': <socket._socketobject object at 0x1015a97c0>}
2017-11-15 14:56:44,804 - __main__ - DEBUG - 2
2017-11-15 14:56:44,884 - __main__ - DEBUG - []
2017-11-15 14:58:16,220 - __main__ - DEBUG - {u'1': <socket._socketobject object at 0x10879e750>}
2017-11-15 14:58:16,222 - __main__ - DEBUG - 1
2017-11-15 14:58:16,222 - __main__ - DEBUG - [7771]
2017-11-15 14:58:21,232 - __main__ - DEBUG - {u'1': <socket._socketobject object at 0x10879e750>, u'3': <socket._socketobject object at 0x10879e7c0>}
2017-11-15 14:58:21,233 - __main__ - DEBUG - 2
2017-11-15 14:58:21,233 - __main__ - DEBUG - []
2017-11-15 15:01:23,144 - __main__ - DEBUG - {u'1': <socket._socketobject object at 0x10439e750>}
2017-11-15 15:01:23,171 - __main__ - DEBUG - 1
2017-11-15 15:01:23,171 - __main__ - DEBUG - [7771]
2017-11-15 15:01:28,177 - __main__ - DEBUG - {u'1': <socket._socketobject object at 0x10439e750>, u'3': <socket._socketobject object at 0x10439e7c0>}
2017-11-15 15:01:28,179 - __main__ - DEBUG - 2
2017-11-15 15:01:28,179 - __main__ - DEBUG - []
